<?xml version="1.0" encoding="UTF-8"?>
<!-- Generated by org.testng.reporters.JUnitReportReporter -->
<testsuite hostname="DESKTOP-9UJK9GU" failures="0" tests="1" name="demogit.Website" time="12.847" errors="0" timestamp="2023-03-31T18:02:48 IST" skipped="0">
  <testcase classname="demogit.Website" name="xyz" time="12.847"/>
  <system-out/>
</testsuite> <!-- demogit.Website -->
