<?xml version="1.0" encoding="UTF-8"?>
<!-- Generated by org.testng.reporters.JUnitReportReporter -->
<testsuite hostname="DESKTOP-9UJK9GU" failures="0" tests="1" name="demogit.Website" time="18.182" errors="0" timestamp="2023-03-21T16:16:14 IST" skipped="0">
  <testcase classname="demogit.Website" name="xyz" time="18.182"/>
  <system-out/>
</testsuite> <!-- demogit.Website -->
