<?xml version="1.0" encoding="UTF-8"?>
<!-- Generated by org.testng.reporters.JUnitReportReporter -->
<testsuite hostname="DESKTOP-9UJK9GU" failures="0" tests="1" name="demogit.Example" time="0.030" errors="0" timestamp="2023-03-11T17:17:34 IST" skipped="0">
  <testcase classname="demogit.Example" name="xyz" time="0.030"/>
  <system-out/>
</testsuite> <!-- demogit.Example -->
